c:\users\stevey\documents\tdsfreqresponsever2\builds\visualstudio2015\debug\juce_audio_basics.obj
c:\users\stevey\documents\tdsfreqresponsever2\builds\visualstudio2015\debug\juce_audio_formats.obj
c:\users\stevey\documents\tdsfreqresponsever2\builds\visualstudio2015\debug\juce_cryptography.obj
c:\users\stevey\documents\tdsfreqresponsever2\builds\visualstudio2015\debug\juce_data_structures.obj
c:\users\stevey\documents\tdsfreqresponsever2\builds\visualstudio2015\debug\juce_gui_extra.obj
c:\users\stevey\documents\tdsfreqresponsever2\builds\visualstudio2015\debug\maincomponent.obj
c:\users\stevey\documents\tdsfreqresponsever2\builds\visualstudio2015\debug\juce_core.obj
c:\users\stevey\documents\tdsfreqresponsever2\builds\visualstudio2015\debug\juce_graphics.obj
c:\users\stevey\documents\tdsfreqresponsever2\builds\visualstudio2015\debug\juce_video.obj
c:\users\stevey\documents\tdsfreqresponsever2\builds\visualstudio2015\debug\main.obj
c:\users\stevey\documents\tdsfreqresponsever2\builds\visualstudio2015\debug\juce_audio_utils.obj
c:\users\stevey\documents\tdsfreqresponsever2\builds\visualstudio2015\debug\juce_gui_basics.obj
c:\users\stevey\documents\tdsfreqresponsever2\builds\visualstudio2015\debug\juce_audio_devices.obj
c:\users\stevey\documents\tdsfreqresponsever2\builds\visualstudio2015\debug\juce_audio_processors.obj
c:\users\stevey\documents\tdsfreqresponsever2\builds\visualstudio2015\debug\juce_events.obj
c:\users\stevey\documents\tdsfreqresponsever2\builds\visualstudio2015\debug\juce_opengl.obj
c:\users\stevey\documents\tdsfreqresponsever2\builds\visualstudio2015\debug\audiosettingscomponent.obj
c:\users\stevey\documents\tdsfreqresponsever2\builds\visualstudio2015\debug\latencycalibrator.obj
c:\users\stevey\documents\tdsfreqresponsever2\builds\visualstudio2015\debug\silentsource.obj
c:\users\stevey\documents\tdsfreqresponsever2\builds\visualstudio2015\debug\infobarcomponent.obj
c:\users\stevey\documents\tdsfreqresponsever2\builds\visualstudio2015\debug\tdscomponents.obj
c:\users\stevey\documents\tdsfreqresponsever2\builds\visualstudio2015\debug\frequencygraphcomponent.obj
c:\users\stevey\documents\tdsfreqresponsever2\builds\visualstudio2015\debug\tdssweep.obj
c:\users\stevey\documents\tdsfreqresponsever2\builds\visualstudio2015\debug\chirp.obj
c:\users\stevey\documents\tdsfreqresponsever2\builds\visualstudio2015\debug\vc140.pdb
c:\users\stevey\documents\tdsfreqresponsever2\builds\visualstudio2015\debug\vc140.idb
c:\users\stevey\documents\tdsfreqresponsever2\builds\visualstudio2015\debug\tdsfreqresponsever2.ilk
c:\users\stevey\documents\tdsfreqresponsever2\builds\visualstudio2015\debug\tdsfreqresponsever2.exe
c:\users\stevey\documents\tdsfreqresponsever2\builds\visualstudio2015\debug\tdsfreqresponsever2.pdb
c:\users\stevey\documents\tdsfreqresponsever2\builds\visualstudio2015\debug\resources.res
c:\users\stevey\documents\tdsfreqresponsever2\builds\visualstudio2015\debug\recordedsource.obj
c:\users\stevey\documents\tdsfreqresponsever2\builds\visualstudio2015\debug\tdsfreqr.a4b7c4c2.tlog\cl.command.1.tlog
c:\users\stevey\documents\tdsfreqresponsever2\builds\visualstudio2015\debug\tdsfreqr.a4b7c4c2.tlog\cl.read.1.tlog
c:\users\stevey\documents\tdsfreqresponsever2\builds\visualstudio2015\debug\tdsfreqr.a4b7c4c2.tlog\cl.write.1.tlog
c:\users\stevey\documents\tdsfreqresponsever2\builds\visualstudio2015\debug\tdsfreqr.a4b7c4c2.tlog\link.command.1.tlog
c:\users\stevey\documents\tdsfreqresponsever2\builds\visualstudio2015\debug\tdsfreqr.a4b7c4c2.tlog\link.read.1.tlog
c:\users\stevey\documents\tdsfreqresponsever2\builds\visualstudio2015\debug\tdsfreqr.a4b7c4c2.tlog\link.write.1.tlog
c:\users\stevey\documents\tdsfreqresponsever2\builds\visualstudio2015\debug\tdsfreqr.a4b7c4c2.tlog\rc.command.1.tlog
c:\users\stevey\documents\tdsfreqresponsever2\builds\visualstudio2015\debug\tdsfreqr.a4b7c4c2.tlog\rc.read.1.tlog
c:\users\stevey\documents\tdsfreqresponsever2\builds\visualstudio2015\debug\tdsfreqr.a4b7c4c2.tlog\rc.write.1.tlog
